{
  "stats": {
    "suites": 3,
    "tests": 3,
    "passes": 1,
    "pending": 0,
    "failures": 2,
    "start": "2022-11-29T15:52:10.864Z",
    "end": "2022-11-29T15:52:14.909Z",
    "duration": 4045,
    "testsRegistered": 3,
    "passPercent": 33.33333333333333,
    "pendingPercent": 0,
    "other": 0,
    "hasOther": false,
    "skipped": 0,
    "hasSkipped": false
  },
  "results": [
    {
      "uuid": "a2069926-5d90-405f-8afe-2b880f9015f3",
      "title": "",
      "fullFile": "C:\\Users\\RUMIDDHA\\Desktop\\Node-course\\Project\\test\\firstSpec.js",
      "file": "\\test\\firstSpec.js",
      "beforeHooks": [],
      "afterHooks": [],
      "tests": [],
      "suites": [
        {
          "uuid": "8aac4bb0-cfd0-42c7-aebf-918256c32726",
          "title": "Tutorial APIs",
          "fullFile": "C:\\Users\\RUMIDDHA\\Desktop\\Node-course\\Project\\test\\firstSpec.js",
          "file": "\\test\\firstSpec.js",
          "beforeHooks": [],
          "afterHooks": [],
          "tests": [],
          "suites": [
            {
              "uuid": "1f12747e-a158-474d-99d7-9eab881f839e",
              "title": "GET/api/tutorials",
              "fullFile": "C:\\Users\\RUMIDDHA\\Desktop\\Node-course\\Project\\test\\firstSpec.js",
              "file": "\\test\\firstSpec.js",
              "beforeHooks": [],
              "afterHooks": [],
              "tests": [
                {
                  "title": "It should GET all the tutorials",
                  "fullTitle": "Tutorial APIs GET/api/tutorials It should GET all the tutorials",
                  "timedOut": true,
                  "duration": 2000,
                  "state": "failed",
                  "speed": null,
                  "pass": false,
                  "fail": true,
                  "pending": false,
                  "context": null,
                  "code": "chai.request(server)\n    .get(\"/api/tutorials\")\n    .end((err, response) => {\n        console.log(response)\n        response.should.have.status(200);\n        done();\n    })",
                  "err": {
                    "message": "Error: Timeout of 2000ms exceeded. For async tests and hooks, ensure \"done()\" is called; if returning a Promise, ensure it resolves. (C:\\Users\\RUMIDDHA\\Desktop\\Node-course\\Project\\test\\firstSpec.js)",
                    "estack": "Error: Timeout of 2000ms exceeded. For async tests and hooks, ensure \"done()\" is called; if returning a Promise, ensure it resolves. (C:\\Users\\RUMIDDHA\\Desktop\\Node-course\\Project\\test\\firstSpec.js)\n    at listOnTimeout (node:internal/timers:564:17)\n    at process.processTimers (node:internal/timers:507:7)",
                    "diff": null
                  },
                  "uuid": "35d31cab-91c9-4066-adcf-19a52ce0fd60",
                  "parentUUID": "1f12747e-a158-474d-99d7-9eab881f839e",
                  "isHook": false,
                  "skipped": false
                },
                {
                  "title": "It should not GET all the tutorials",
                  "fullTitle": "Tutorial APIs GET/api/tutorials It should not GET all the tutorials",
                  "timedOut": false,
                  "duration": 25,
                  "state": "passed",
                  "speed": "fast",
                  "pass": true,
                  "fail": false,
                  "pending": false,
                  "context": null,
                  "code": "chai.request(server)\n    .get(\"/api/tutorial\")\n    .end((err, response) => {\n        response.should.have.status(404);\n        done();\n    })",
                  "err": {},
                  "uuid": "7917fd2b-e52d-4948-b04b-4d532441d516",
                  "parentUUID": "1f12747e-a158-474d-99d7-9eab881f839e",
                  "isHook": false,
                  "skipped": false
                }
              ],
              "suites": [],
              "passes": [
                "7917fd2b-e52d-4948-b04b-4d532441d516"
              ],
              "failures": [
                "35d31cab-91c9-4066-adcf-19a52ce0fd60"
              ],
              "pending": [],
              "skipped": [],
              "duration": 2025,
              "root": false,
              "rootEmpty": false,
              "_timeout": 2000
            },
            {
              "uuid": "27969f50-9408-4732-8787-c4729dc65817",
              "title": "POST/api/tutorials",
              "fullFile": "C:\\Users\\RUMIDDHA\\Desktop\\Node-course\\Project\\test\\firstSpec.js",
              "file": "\\test\\firstSpec.js",
              "beforeHooks": [],
              "afterHooks": [],
              "tests": [
                {
                  "title": "It should POST a new tutorial",
                  "fullTitle": "Tutorial APIs POST/api/tutorials It should POST a new tutorial",
                  "timedOut": true,
                  "duration": 2004,
                  "state": "failed",
                  "speed": null,
                  "pass": false,
                  "fail": true,
                  "pending": false,
                  "context": null,
                  "code": "const tutorial = new Tutorial({\n                title: \"Tutorial 4\",\n                description: \"This is description\",\n                published: true\n            });\n            chai.request(server)\n                .post(\"/api/tutorials\")\n                .send(tutorial)\n                .end((err, response) => {\n                    response.should.have.status(200);\n                    response.should.be.a('object');\n                    // response.body.should.have.property('published',true);\n                    response.body.published.should.be.equal(true)\n                    done();\n                })",
                  "err": {
                    "message": "Error: Timeout of 2000ms exceeded. For async tests and hooks, ensure \"done()\" is called; if returning a Promise, ensure it resolves. (C:\\Users\\RUMIDDHA\\Desktop\\Node-course\\Project\\test\\firstSpec.js)",
                    "estack": "Error: Timeout of 2000ms exceeded. For async tests and hooks, ensure \"done()\" is called; if returning a Promise, ensure it resolves. (C:\\Users\\RUMIDDHA\\Desktop\\Node-course\\Project\\test\\firstSpec.js)\n    at listOnTimeout (node:internal/timers:564:17)\n    at process.processTimers (node:internal/timers:507:7)",
                    "diff": null
                  },
                  "uuid": "f468a9ac-34de-4b06-b636-a3e026526c42",
                  "parentUUID": "27969f50-9408-4732-8787-c4729dc65817",
                  "isHook": false,
                  "skipped": false
                }
              ],
              "suites": [],
              "passes": [],
              "failures": [
                "f468a9ac-34de-4b06-b636-a3e026526c42"
              ],
              "pending": [],
              "skipped": [],
              "duration": 2004,
              "root": false,
              "rootEmpty": false,
              "_timeout": 2000
            }
          ],
          "passes": [],
          "failures": [],
          "pending": [],
          "skipped": [],
          "duration": 0,
          "root": false,
          "rootEmpty": false,
          "_timeout": 2000
        }
      ],
      "passes": [],
      "failures": [],
      "pending": [],
      "skipped": [],
      "duration": 0,
      "root": true,
      "rootEmpty": true,
      "_timeout": 2000
    }
  ],
  "meta": {
    "mocha": {
      "version": "10.1.0"
    },
    "mochawesome": {
      "options": {
        "quiet": false,
        "reportFilename": "mochawesome",
        "saveHtml": true,
        "saveJson": true,
        "consoleReporter": "spec",
        "useInlineDiffs": false,
        "code": true
      },
      "version": "7.1.3"
    },
    "marge": {
      "options": null,
      "version": "6.2.0"
    }
  }
}